<?xml version="1.0" encoding="UTF-8"?>
<testng-results ignored="0" total="1" passed="1" failed="0" skipped="0">
  <reporter-output>
  </reporter-output>
  <suite started-at="2022-06-25T14:40:17 IST" name="Default suite" finished-at="2022-06-25T14:40:18 IST" duration-ms="1484">
    <groups>
    </groups>
    <test started-at="2022-06-25T14:40:17 IST" name="Default test" finished-at="2022-06-25T14:40:18 IST" duration-ms="1484">
      <class name="tests.FirstTest">
        <test-method signature="test1()[pri:0, instance:tests.FirstTest@10d307f1]" started-at="2022-06-25T14:40:17 IST" name="test1" finished-at="2022-06-25T14:40:18 IST" duration-ms="1457" status="PASS">
          <reporter-output>
          </reporter-output>
        </test-method> <!-- test1 -->
      </class> <!-- tests.FirstTest -->
    </test> <!-- Default test -->
  </suite> <!-- Default suite -->
</testng-results>
